3: SLURM job: False
3: 0 - Number of nodes: 1
3: 0 - Node ID        : 0
3: 0 - Local rank     : 0
3: 0 - Global rank    : 0
3: 0 - World size     : 3
3: 0 - GPUs per node  : 3
3: 0 - Master         : True
3: 0 - Multi-node     : False
3: 0 - Multi-GPU      : True
3: 0 - Hostname       : hanabi
0: SLURM job: False
0: 1 - Number of nodes: 1
0: 1 - Node ID        : 0
0: 1 - Local rank     : 1
0: 1 - Global rank    : 1
0: 1 - World size     : 3
0: 1 - GPUs per node  : 3
0: 1 - Master         : False
0: 1 - Multi-node     : False
0: 1 - Multi-GPU      : True
0: 1 - Hostname       : hanabi
2: SLURM job: False
2: 0 - Number of nodes: 1
2: 0 - Node ID        : 0
2: 0 - Local rank     : 0
2: 0 - Global rank    : 0
2: 0 - World size     : 3
2: 0 - GPUs per node  : 3
2: 0 - Master         : True
2: 0 - Multi-node     : False
2: 0 - Multi-GPU      : True
2: 0 - Hostname       : hanabi
2: SLURM job: False
2: 1 - Number of nodes: 1
2: 1 - Node ID        : 0
2: 1 - Local rank     : 1
2: 1 - Global rank    : 1
2: 1 - World size     : 3
2: 1 - GPUs per node  : 3
2: 1 - Master         : False
2: 1 - Multi-node     : False
2: 1 - Multi-GPU      : True
2: 1 - Hostname       : hanabi
1: SLURM job: False
1: 0 - Number of nodes: 1
1: 0 - Node ID        : 0
1: 0 - Local rank     : 0
1: 0 - Global rank    : 0
1: 0 - World size     : 3
1: 0 - GPUs per node  : 3
1: 0 - Master         : True
1: 0 - Multi-node     : False
1: 0 - Multi-GPU      : True
1: 0 - Hostname       : hanabi
2: SLURM job: False
2: 2 - Number of nodes: 1
2: 2 - Node ID        : 0
2: 2 - Local rank     : 2
2: 2 - Global rank    : 2
2: 2 - World size     : 3
2: 2 - GPUs per node  : 3
2: 2 - Master         : False
2: 2 - Multi-node     : False
2: 2 - Multi-GPU      : True
2: 2 - Hostname       : hanabi
1: SLURM job: False
1: 1 - Number of nodes: 1
1: 1 - Node ID        : 0
1: 1 - Local rank     : 1
1: 1 - Global rank    : 1
1: 1 - World size     : 3
1: 1 - GPUs per node  : 3
1: 1 - Master         : False
1: 1 - Multi-node     : False
1: 1 - Multi-GPU      : True
1: 1 - Hostname       : hanabi
0: SLURM job: False
0: 0 - Number of nodes: 1
0: 0 - Node ID        : 0
0: 0 - Local rank     : 0
0: 0 - Global rank    : 0
0: 0 - World size     : 3
0: 0 - GPUs per node  : 3
0: 0 - Master         : True
0: 0 - Multi-node     : False
0: 0 - Multi-GPU      : True
0: 0 - Hostname       : hanabi
0: SLURM job: False
0: 2 - Number of nodes: 1
0: 2 - Node ID        : 0
0: 2 - Local rank     : 2
0: 2 - Global rank    : 2
0: 2 - World size     : 3
0: 2 - GPUs per node  : 3
0: 2 - Master         : False
0: 2 - Multi-node     : False
0: 2 - Multi-GPU      : True
0: 2 - Hostname       : hanabi
3: SLURM job: False
3: 2 - Number of nodes: 1
3: 2 - Node ID        : 0
3: 2 - Local rank     : 2
3: 2 - Global rank    : 2
3: 2 - World size     : 3
3: 2 - GPUs per node  : 3
3: 2 - Master         : False
3: 2 - Multi-node     : False
3: 2 - Multi-GPU      : True
3: 2 - Hostname       : hanabi
1: SLURM job: False
1: 2 - Number of nodes: 1
1: 2 - Node ID        : 0
1: 2 - Local rank     : 2
1: 2 - Global rank    : 2
1: 2 - World size     : 3
1: 2 - GPUs per node  : 3
1: 2 - Master         : False
1: 2 - Multi-node     : False
1: 2 - Multi-GPU      : True
1: 2 - Hostname       : hanabi
3: SLURM job: False
3: 1 - Number of nodes: 1
3: 1 - Node ID        : 0
3: 1 - Local rank     : 1
3: 1 - Global rank    : 1
3: 1 - World size     : 3
3: 1 - GPUs per node  : 3
3: 1 - Master         : False
3: 1 - Multi-node     : False
3: 1 - Multi-GPU      : True
3: 1 - Hostname       : hanabi
0: Initializing PyTorch distributed ...
2: Initializing PyTorch distributed ...
3: Initializing PyTorch distributed ...
2: *****************************************
2: Setting OMP_NUM_THREADS environment variable for each process to be 1 in default, to avoid your system being overloaded, please further tune the variable for optimal performance in your application as needed. 
2: *****************************************
2: Initializing PyTorch distributed ...
1: Initializing PyTorch distributed ...
2: Initializing PyTorch distributed ...
1: Initializing PyTorch distributed ...
0: Initializing PyTorch distributed ...
0: Initializing PyTorch distributed ...
3: Initializing PyTorch distributed ...
1: Initializing PyTorch distributed ...
3: Initializing PyTorch distributed ...
0: *****************************************
0: Setting OMP_NUM_THREADS environment variable for each process to be 1 in default, to avoid your system being overloaded, please further tune the variable for optimal performance in your application as needed. 
0: *****************************************
1: *****************************************
1: Setting OMP_NUM_THREADS environment variable for each process to be 1 in default, to avoid your system being overloaded, please further tune the variable for optimal performance in your application as needed. 
1: *****************************************
0: DICO:  dict_keys(['mono', 'mono_stream', 'para', 'dico'])
0: DICO:  dict_keys(['mono', 'mono_stream', 'para', 'dico'])
3: DICO:  dict_keys(['mono', 'mono_stream', 'para', 'dico'])
3: DICO:  dict_keys(['mono', 'mono_stream', 'para', 'dico'])
2: DICO:  dict_keys(['mono', 'mono_stream', 'para', 'dico'])
3: DICO:  dict_keys(['mono', 'mono_stream', 'para', 'dico'])
1: DICO:  dict_keys(['mono', 'mono_stream', 'para', 'dico'])
0: DICO:  dict_keys(['mono', 'mono_stream', 'para', 'dico'])
2: DICO:  dict_keys(['mono', 'mono_stream', 'para', 'dico'])
1: DICO:  dict_keys(['mono', 'mono_stream', 'para', 'dico'])
3: DICO:  dict_keys(['mono', 'mono_stream', 'para', 'dico'])
3: DICO:  dict_keys(['mono', 'mono_stream', 'para', 'dico'])
2: DICO:  dict_keys(['mono', 'mono_stream', 'para', 'dico'])
1: DICO:  dict_keys(['mono', 'mono_stream', 'para', 'dico'])
1: DICO:  dict_keys(['mono', 'mono_stream', 'para', 'dico'])
0: DICO:  dict_keys(['mono', 'mono_stream', 'para', 'dico'])
2: DICO:  dict_keys(['mono', 'mono_stream', 'para', 'dico'])
3: DICO:  dict_keys(['mono', 'mono_stream', 'para', 'dico'])
0: DICO:  dict_keys(['mono', 'mono_stream', 'para', 'dico'])
3: DICO:  dict_keys(['mono', 'mono_stream', 'para', 'dico'])
0: DICO:  dict_keys(['mono', 'mono_stream', 'para', 'dico'])
3: DICO:  dict_keys(['mono', 'mono_stream', 'para', 'dico'])
0: DICO:  dict_keys(['mono', 'mono_stream', 'para', 'dico'])
2: DICO:  dict_keys(['mono', 'mono_stream', 'para', 'dico'])
3: DICO:  dict_keys(['mono', 'mono_stream', 'para', 'dico'])
0: DICO:  dict_keys(['mono', 'mono_stream', 'para', 'dico'])
2: DICO:  dict_keys(['mono', 'mono_stream', 'para', 'dico'])
3: DICO:  dict_keys(['mono', 'mono_stream', 'para', 'dico'])
1: DICO:  dict_keys(['mono', 'mono_stream', 'para', 'dico'])
2: DICO:  dict_keys(['mono', 'mono_stream', 'para', 'dico'])
1: DICO:  dict_keys(['mono', 'mono_stream', 'para', 'dico'])
0: DICO:  dict_keys(['mono', 'mono_stream', 'para', 'dico'])
2: DICO:  dict_keys(['mono', 'mono_stream', 'para', 'dico'])
1: DICO:  dict_keys(['mono', 'mono_stream', 'para', 'dico'])
3: DICO:  dict_keys(['mono', 'mono_stream', 'para', 'dico'])
1: DICO:  dict_keys(['mono', 'mono_stream', 'para', 'dico'])
0: DICO:  dict_keys(['mono', 'mono_stream', 'para', 'dico'])
3: DICO:  dict_keys(['mono', 'mono_stream', 'para', 'dico'])
1: DICO:  dict_keys(['mono', 'mono_stream', 'para', 'dico'])
1: DICO:  dict_keys(['mono', 'mono_stream', 'para', 'dico'])
0: DICO:  dict_keys(['mono', 'mono_stream', 'para', 'dico'])
2: DICO:  dict_keys(['mono', 'mono_stream', 'para', 'dico'])
3: DICO:  dict_keys(['mono', 'mono_stream', 'para', 'dico'])
1: DICO:  dict_keys(['mono', 'mono_stream', 'para', 'dico'])
0: DICO:  dict_keys(['mono', 'mono_stream', 'para', 'dico'])
2: DICO:  dict_keys(['mono', 'mono_stream', 'para', 'dico'])
3: DICO:  dict_keys(['mono', 'mono_stream', 'para', 'dico'])
1: DICO:  dict_keys(['mono', 'mono_stream', 'para', 'dico'])
3: DICO:  dict_keys(['mono', 'mono_stream', 'para', 'dico'])
2: DICO:  dict_keys(['mono', 'mono_stream', 'para', 'dico'])
3: DICO:  dict_keys(['mono', 'mono_stream', 'para', 'dico'])
2: DICO:  dict_keys(['mono', 'mono_stream', 'para', 'dico'])
3: DICO:  dict_keys(['mono', 'mono_stream', 'para', 'dico'])
3: DICO:  dict_keys(['mono', 'mono_stream', 'para', 'dico'])
0: DICO:  dict_keys(['mono', 'mono_stream', 'para', 'dico', 'vpara'])
3: DICO:  dict_keys(['mono', 'mono_stream', 'para', 'dico', 'vpara'])
0: DICO:  dict_keys(['mono', 'mono_stream', 'para', 'dico', 'vpara'])
2: DICO:  dict_keys(['mono', 'mono_stream', 'para', 'dico', 'vpara'])
3: DICO:  dict_keys(['mono', 'mono_stream', 'para', 'dico', 'vpara'])
2: DICO:  dict_keys(['mono', 'mono_stream', 'para', 'dico', 'vpara'])
1: DICO:  dict_keys(['mono', 'mono_stream', 'para', 'dico', 'vpara'])
1: DICO:  dict_keys(['mono', 'mono_stream', 'para', 'dico', 'vpara'])
3: DICO:  dict_keys(['mono', 'mono_stream', 'para', 'dico', 'vpara'])
0: DICO:  dict_keys(['mono', 'mono_stream', 'para', 'dico', 'vpara'])
3: DICO:  dict_keys(['mono', 'mono_stream', 'para', 'dico', 'vpara'])
0: DICO:  dict_keys(['mono', 'mono_stream', 'para', 'dico', 'vpara'])
1: DICO:  dict_keys(['mono', 'mono_stream', 'para', 'dico', 'vpara'])
1: DICO:  dict_keys(['mono', 'mono_stream', 'para', 'dico', 'vpara'])
2: DICO:  dict_keys(['mono', 'mono_stream', 'para', 'dico', 'vpara'])
2: DICO:  dict_keys(['mono', 'mono_stream', 'para', 'dico', 'vpara'])
3: DICO:  dict_keys(['mono', 'mono_stream', 'para', 'dico', 'vpara'])
3: DICO:  dict_keys(['mono', 'mono_stream', 'para', 'dico', 'vpara'])
3: DICO:  dict_keys(['mono', 'mono_stream', 'para', 'dico', 'vpara'])
3: DICO:  dict_keys(['mono', 'mono_stream', 'para', 'dico', 'vpara'])
3: DICO:  dict_keys(['mono', 'mono_stream', 'para', 'dico', 'vpara'])
0: DICO:  dict_keys(['mono', 'mono_stream', 'para', 'dico', 'vpara'])
3: DICO:  dict_keys(['mono', 'mono_stream', 'para', 'dico', 'vpara'])
3: DATA  dict_keys(['mono', 'mono_stream', 'para', 'dico', 'vpara'])
0: DICO:  dict_keys(['mono', 'mono_stream', 'para', 'dico', 'vpara'])
2: DICO:  dict_keys(['mono', 'mono_stream', 'para', 'dico', 'vpara'])
2: DICO:  dict_keys(['mono', 'mono_stream', 'para', 'dico', 'vpara'])
0: DICO:  dict_keys(['mono', 'mono_stream', 'para', 'dico', 'vpara'])
0: DICO:  dict_keys(['mono', 'mono_stream', 'para', 'dico', 'vpara'])
0: DATA  dict_keys(['mono', 'mono_stream', 'para', 'dico', 'vpara'])
2: DICO:  dict_keys(['mono', 'mono_stream', 'para', 'dico', 'vpara'])
2: DICO:  dict_keys(['mono', 'mono_stream', 'para', 'dico', 'vpara'])
2: DICO:  dict_keys(['mono', 'mono_stream', 'para', 'dico', 'vpara'])
2: DATA  dict_keys(['mono', 'mono_stream', 'para', 'dico', 'vpara'])
1: DICO:  dict_keys(['mono', 'mono_stream', 'para', 'dico', 'vpara'])
2: DICO:  dict_keys(['mono', 'mono_stream', 'para', 'dico', 'vpara'])
1: DICO:  dict_keys(['mono', 'mono_stream', 'para', 'dico', 'vpara'])
2: DICO:  dict_keys(['mono', 'mono_stream', 'para', 'dico', 'vpara'])
1: DICO:  dict_keys(['mono', 'mono_stream', 'para', 'dico', 'vpara'])
3: DICO:  dict_keys(['mono', 'mono_stream', 'para', 'dico', 'vpara'])
2: DICO:  dict_keys(['mono', 'mono_stream', 'para', 'dico', 'vpara'])
1: DICO:  dict_keys(['mono', 'mono_stream', 'para', 'dico', 'vpara'])
2: DATA  dict_keys(['mono', 'mono_stream', 'para', 'dico', 'vpara'])
1: DICO:  dict_keys(['mono', 'mono_stream', 'para', 'dico', 'vpara'])
1: DATA  dict_keys(['mono', 'mono_stream', 'para', 'dico', 'vpara'])
3: DICO:  dict_keys(['mono', 'mono_stream', 'para', 'dico', 'vpara'])
1: DICO:  dict_keys(['mono', 'mono_stream', 'para', 'dico', 'vpara'])
3: DICO:  dict_keys(['mono', 'mono_stream', 'para', 'dico', 'vpara'])
0: DICO:  dict_keys(['mono', 'mono_stream', 'para', 'dico', 'vpara'])
1: DICO:  dict_keys(['mono', 'mono_stream', 'para', 'dico', 'vpara'])
3: DICO:  dict_keys(['mono', 'mono_stream', 'para', 'dico', 'vpara'])
3: DATA  dict_keys(['mono', 'mono_stream', 'para', 'dico', 'vpara'])
0: DICO:  dict_keys(['mono', 'mono_stream', 'para', 'dico', 'vpara'])
1: DICO:  dict_keys(['mono', 'mono_stream', 'para', 'dico', 'vpara'])
1: DATA  dict_keys(['mono', 'mono_stream', 'para', 'dico', 'vpara'])
0: DICO:  dict_keys(['mono', 'mono_stream', 'para', 'dico', 'vpara'])
0: DICO:  dict_keys(['mono', 'mono_stream', 'para', 'dico', 'vpara'])
0: DATA  dict_keys(['mono', 'mono_stream', 'para', 'dico', 'vpara'])
3: DICO:  dict_keys(['mono', 'mono_stream', 'para', 'dico', 'vpara'])
3: DICO:  dict_keys(['mono', 'mono_stream', 'para', 'dico', 'vpara'])
3: DICO:  dict_keys(['mono', 'mono_stream', 'para', 'dico', 'vpara'])
3: DICO:  dict_keys(['mono', 'mono_stream', 'para', 'dico', 'vpara'])
3: DATA  dict_keys(['mono', 'mono_stream', 'para', 'dico', 'vpara'])
