/var/spool/slurm/d/job03095/slurm_script: line 15: {workdir}/3095.stdout: No such file or directory
/var/spool/slurm/d/job03095/slurm_script: line 16: {workdir}/3095.stdout: No such file or directory
/var/spool/slurm/d/job03095/slurm_script: line 17: {workdir}/3095.stdout: No such file or directory
/var/spool/slurm/d/job03095/slurm_script: line 18: {workdir}/3095.stdout: No such file or directory
/var/spool/slurm/d/job03095/slurm_script: line 19: {workdir}/3095.stdout: No such file or directory
/var/spool/slurm/d/job03095/slurm_script: line 20: {workdir}/3095.stdout: No such file or directory
2: FAISS library was not found.
2: FAISS not available. Switching to standard nearest neighbors search implementation.
2: FAISS library was not found.
2: FAISS not available. Switching to standard nearest neighbors search implementation.
3: FAISS library was not found.
3: FAISS not available. Switching to standard nearest neighbors search implementation.
3: FAISS library was not found.
3: FAISS not available. Switching to standard nearest neighbors search implementation.
1: FAISS library was not found.
1: FAISS not available. Switching to standard nearest neighbors search implementation.
0: FAISS library was not found.
0: FAISS not available. Switching to standard nearest neighbors search implementation.
0: FAISS library was not found.
0: FAISS not available. Switching to standard nearest neighbors search implementation.
1: FAISS library was not found.
1: FAISS not available. Switching to standard nearest neighbors search implementation.
1: Traceback (most recent call last):
1:   File "train.py", line 348, in <module>
1:     main(params)
1:   File "train.py", line 230, in main
1:     init_distributed_mode(params)
1:   File "/home/menekse/xlm/Animal/XLM-master/src/slurm.py", line 171, in init_distributed_mode
1:     backend='nccl',
1:   File "/home/menekse/virtualenvs/torch_env/lib/python3.6/site-packages/torch/distributed/distributed_c10d.py", line 397, in init_process_group
1:     store, rank, world_size = next(rendezvous_iterator)
1:   File "/home/menekse/virtualenvs/torch_env/lib/python3.6/site-packages/torch/distributed/rendezvous.py", line 168, in _env_rendezvous_handler
1:     store = TCPStore(master_addr, master_port, world_size, start_daemon)
1: RuntimeError: Address already in use
2: Traceback (most recent call last):
2:   File "train.py", line 348, in <module>
2:     main(params)
2:   File "train.py", line 230, in main
2:     init_distributed_mode(params)
2:   File "/home/menekse/xlm/Animal/XLM-master/src/slurm.py", line 171, in init_distributed_mode
3: Traceback (most recent call last):
3:   File "train.py", line 348, in <module>
2:     backend='nccl',
2:   File "/home/menekse/virtualenvs/torch_env/lib/python3.6/site-packages/torch/distributed/distributed_c10d.py", line 397, in init_process_group
3:     main(params)
3:   File "train.py", line 230, in main
2:     store, rank, world_size = next(rendezvous_iterator)
2:   File "/home/menekse/virtualenvs/torch_env/lib/python3.6/site-packages/torch/distributed/rendezvous.py", line 168, in _env_rendezvous_handler
3:     init_distributed_mode(params)
3:   File "/home/menekse/xlm/Animal/XLM-master/src/slurm.py", line 171, in init_distributed_mode
2:     store = TCPStore(master_addr, master_port, world_size, start_daemon)
2: RuntimeError: Address already in use
3:     backend='nccl',
3:   File "/home/menekse/virtualenvs/torch_env/lib/python3.6/site-packages/torch/distributed/distributed_c10d.py", line 397, in init_process_group
3:     store, rank, world_size = next(rendezvous_iterator)
3:   File "/home/menekse/virtualenvs/torch_env/lib/python3.6/site-packages/torch/distributed/rendezvous.py", line 168, in _env_rendezvous_handler
3:     store = TCPStore(master_addr, master_port, world_size, start_daemon)
3: RuntimeError: Address already in use
0: INFO - 04/21/20 18:52:52 - 0:00:00 - ============ Initialized logger ============
1: INFO - 04/21/20 18:52:52 - 0:00:00 - ============ Initialized logger ============
2: INFO - 04/21/20 18:52:52 - 0:00:00 - ============ Initialized logger ============
0: INFO - 04/21/20 18:52:52 - 0:00:00 - accumulate_gradients: 1
0:                                      ae_steps: []
0:                                      amp: -1
0:                                      asm: False
0:                                      attention_dropout: 0.1
0:                                      batch_size: 32
0:                                      beam_size: 1
0:                                      bptt: 256
0:                                      bt_src_langs: []
0:                                      bt_steps: []
0:                                      clip_grad_norm: 5
0:                                      clm_steps: []
0:                                      command: python train.py --local_rank=1 --exp_name xlm_en_de_tlm --dump_path '/data/menekse/dumped' --data_path '/data/shared/ConceptualCaptions/XLM_data/50k' --lgs 'en-de' --clm_steps '' --mlm_steps 'en-de' --emb_dim 512 --n_layers 6 --n_heads 8 --dropout '0.1' --attention_dropout '0.1' --gelu_activation true --batch_size 32 --bptt 256 --optimizer 'adam,lr=0.0001' --epoch_size 300000 --max_epoch 100000 --validation_metrics valid_en_de_mlm_ppl --stopping_criterion '_valid_mlm_ppl,25' --fp16 false --image_names '/data/shared/ConceptualCaptions/XLM_data/50k' --reload_model '/data/menekse/dumped/xlm_en_de_tlm/3094/best-valid_en_de_mlm_ppl.pth' --exp_id "3095"
0:                                      context_size: 0
0:                                      data_path: /data/shared/ConceptualCaptions/XLM_data/50k
0:                                      debug: False
0:                                      debug_slurm: False
0:                                      debug_train: False
0:                                      dropout: 0.1
0:                                      dump_path: /data/menekse/dumped/xlm_en_de_tlm/3095
0:                                      early_stopping: False
0:                                      emb_dim: 512
0:                                      encoder_only: True
0:                                      epoch_size: 300000
0:                                      eval_bleu: False
0:                                      eval_only: False
0:                                      exp_id: 3095
0:                                      exp_name: xlm_en_de_tlm
0:                                      fp16: False
0:                                      gelu_activation: True
0:                                      global_rank: 1
0:                                      group_by_size: True
0:                                      id2lang: {0: 'de', 1: 'en', 2: 'img'}
0:                                      image_names: /data/shared/ConceptualCaptions/XLM_data/50k
0:                                      is_master: False
0:                                      is_slurm_job: False
0:                                      lambda_ae: 1
0:                                      lambda_bt: 1
0:                                      lambda_clm: 1
0:                                      lambda_mlm: 1
0:                                      lambda_mt: 1
0:                                      lambda_pc: 1
0:                                      lang2id: {'de': 0, 'en': 1, 'img': 2}
0:                                      langs: ['en', 'de', 'img']
0:                                      length_penalty: 1
0:                                      lg_sampling_factor: -1
0:                                      lgs: en-de
0:                                      local_rank: 1
0:                                      master_port: -1
0:                                      max_batch_size: 0
0:                                      max_epoch: 100000
0:                                      max_len: 100
0:                                      max_vocab: -1
0:                                      min_count: 0
0:                                      mlm_steps: [('en', 'de')]
0:                                      mono_dataset: {}
0:                                      mt_steps: []
0:                                      multi_gpu: True
0:                                      multi_node: False
0:                                      n_gpu_per_node: 2
0:                                      n_heads: 8
0:                                      n_langs: 3
0:                                      n_layers: 6
0:                                      n_nodes: 1
0:                                      node_id: 0
0:                                      only_vlm: False
0:                                      optimizer: adam,lr=0.0001
0:                                      para_dataset: {('de', 'en'): {'train': ('/data/shared/ConceptualCaptions/XLM_data/50k/train.de-en.de.pth', '/data/shared/ConceptualCaptions/XLM_data/50k/train.de-en.en.pth'), 'valid': ('/data/shared/ConceptualCaptions/XLM_data/50k/valid.de-en.de.pth', '/data/shared/ConceptualCaptions/XLM_data/50k/valid.de-en.en.pth'), 'test': ('/data/shared/ConceptualCaptions/XLM_data/50k/test.de-en.de.pth', '/data/shared/ConceptualCaptions/XLM_data/50k/test.de-en.en.pth')}}
0:                                      pc_steps: []
0:                                      region_feats_path: /data/shared/ConceptualCaptions/fastrcnn_features_36/
0:                                      reload_checkpoint: 
0:                                      reload_emb: 
0:                                      reload_model: /data/menekse/dumped/xlm_en_de_tlm/3094/best-valid_en_de_mlm_ppl.pth
0:                                      sample_alpha: 0
0:                                      save_periodic: 0
0:                                      share_inout_emb: True
0:                                      sinusoidal_embeddings: False
0:                                      split_data: False
0:                                      stopping_criterion: _valid_mlm_ppl,25
0:                                      tokens_per_batch: -1
0:                                      use_lang_emb: True
0:                                      use_memory: False
0:                                      validation_metrics: valid_en_de_mlm_ppl
0:                                      vlm_steps: [('en', 'de')]
0:                                      vpara_dataset: {('de', 'en'): {'train': ('/data/shared/ConceptualCaptions/XLM_data/50k/train.de-en.de.pth', '/data/shared/ConceptualCaptions/XLM_data/50k/train.de-en.en.pth'), 'valid': ('/data/shared/ConceptualCaptions/XLM_data/50k/valid.de-en.de.pth', '/data/shared/ConceptualCaptions/XLM_data/50k/valid.de-en.en.pth'), 'test': ('/data/shared/ConceptualCaptions/XLM_data/50k/test.de-en.de.pth', '/data/shared/ConceptualCaptions/XLM_data/50k/test.de-en.en.pth')}}
0:                                      word_blank: 0
0:                                      word_dropout: 0
0:                                      word_keep: 0.1
0:                                      word_mask: 0.8
0:                                      word_mask_keep_rand: 0.8,0.1,0.1
0:                                      word_pred: 0.15
0:                                      word_rand: 0.1
0:                                      word_shuffle: 0
0:                                      world_size: 2
0: INFO - 04/21/20 18:52:52 - 0:00:00 - The experiment will be stored in /data/menekse/dumped/xlm_en_de_tlm/3095
0:                                      
1: INFO - 04/21/20 18:52:52 - 0:00:00 - accumulate_gradients: 1
1:                                      ae_steps: []
1:                                      amp: -1
1:                                      asm: False
1:                                      attention_dropout: 0.1
1:                                      batch_size: 32
1:                                      beam_size: 1
1:                                      bptt: 256
1:                                      bt_src_langs: []
1:                                      bt_steps: []
1:                                      clip_grad_norm: 5
1:                                      clm_steps: []
1:                                      command: python train.py --local_rank=1 --exp_name xlm_en_de_tlm --dump_path '/data/menekse/dumped' --data_path '/data/shared/ConceptualCaptions/XLM_data/50k' --lgs 'en-de' --clm_steps '' --mlm_steps 'en-de' --emb_dim 512 --n_layers 6 --n_heads 8 --dropout '0.1' --attention_dropout '0.1' --gelu_activation true --batch_size 32 --bptt 256 --optimizer 'adam,lr=0.0001' --epoch_size 300000 --max_epoch 100000 --validation_metrics valid_en_de_mlm_ppl --stopping_criterion '_valid_mlm_ppl,25' --fp16 false --image_names '/data/shared/ConceptualCaptions/XLM_data/50k' --reload_model '/data/menekse/dumped/xlm_en_de_tlm/3094/best-valid_en_de_mlm_ppl.pth' --exp_id "3095"
1:                                      context_size: 0
1:                                      data_path: /data/shared/ConceptualCaptions/XLM_data/50k
1:                                      debug: False
1:                                      debug_slurm: False
1:                                      debug_train: False
1:                                      dropout: 0.1
1:                                      dump_path: /data/menekse/dumped/xlm_en_de_tlm/3095
1:                                      early_stopping: False
1:                                      emb_dim: 512
1:                                      encoder_only: True
1:                                      epoch_size: 300000
1:                                      eval_bleu: False
1:                                      eval_only: False
1:                                      exp_id: 3095
1:                                      exp_name: xlm_en_de_tlm
1:                                      fp16: False
1:                                      gelu_activation: True
1:                                      global_rank: 1
1:                                      group_by_size: True
1:                                      id2lang: {0: 'de', 1: 'en', 2: 'img'}
1:                                      image_names: /data/shared/ConceptualCaptions/XLM_data/50k
1:                                      is_master: False
1:                                      is_slurm_job: False
1:                                      lambda_ae: 1
1:                                      lambda_bt: 1
1:                                      lambda_clm: 1
1:                                      lambda_mlm: 1
1:                                      lambda_mt: 1
1:                                      lambda_pc: 1
1:                                      lang2id: {'de': 0, 'en': 1, 'img': 2}
1:                                      langs: ['en', 'de', 'img']
1:                                      length_penalty: 1
1:                                      lg_sampling_factor: -1
1:                                      lgs: en-de
1:                                      local_rank: 1
1:                                      master_port: -1
1:                                      max_batch_size: 0
1:                                      max_epoch: 100000
1:                                      max_len: 100
1:                                      max_vocab: -1
1:                                      min_count: 0
1:                                      mlm_steps: [('en', 'de')]
1:                                      mono_dataset: {}
1:                                      mt_steps: []
1:                                      multi_gpu: True
1:                                      multi_node: False
1:                                      n_gpu_per_node: 2
1:                                      n_heads: 8
0: INFO - 04/21/20 18:52:52 - 0:00:00 - Running command: python train.py --local_rank=1 --exp_name xlm_en_de_tlm --dump_path '/data/menekse/dumped' --data_path '/data/shared/ConceptualCaptions/XLM_data/50k' --lgs 'en-de' --clm_steps '' --mlm_steps 'en-de' --emb_dim 512 --n_layers 6 --n_heads 8 --dropout '0.1' --attention_dropout '0.1' --gelu_activation true --batch_size 32 --bptt 256 --optimizer 'adam,lr=0.0001' --epoch_size 300000 --max_epoch 100000 --validation_metrics valid_en_de_mlm_ppl --stopping_criterion '_valid_mlm_ppl,25' --fp16 false --image_names '/data/shared/ConceptualCaptions/XLM_data/50k' --reload_model '/data/menekse/dumped/xlm_en_de_tlm/3094/best-valid_en_de_mlm_ppl.pth'
0: 
1:                                      n_langs: 3
1:                                      n_layers: 6
1:                                      n_nodes: 1
1:                                      node_id: 0
1:                                      only_vlm: False
1:                                      optimizer: adam,lr=0.0001
1:                                      para_dataset: {('de', 'en'): {'train': ('/data/shared/ConceptualCaptions/XLM_data/50k/train.de-en.de.pth', '/data/shared/ConceptualCaptions/XLM_data/50k/train.de-en.en.pth'), 'valid': ('/data/shared/ConceptualCaptions/XLM_data/50k/valid.de-en.de.pth', '/data/shared/ConceptualCaptions/XLM_data/50k/valid.de-en.en.pth'), 'test': ('/data/shared/ConceptualCaptions/XLM_data/50k/test.de-en.de.pth', '/data/shared/ConceptualCaptions/XLM_data/50k/test.de-en.en.pth')}}
1:                                      pc_steps: []
1:                                      region_feats_path: /data/shared/ConceptualCaptions/fastrcnn_features_36/
1:                                      reload_checkpoint: 
1:                                      reload_emb: 
1:                                      reload_model: /data/menekse/dumped/xlm_en_de_tlm/3094/best-valid_en_de_mlm_ppl.pth
1:                                      sample_alpha: 0
1:                                      save_periodic: 0
1:                                      share_inout_emb: True
1:                                      sinusoidal_embeddings: False
1:                                      split_data: False
1:                                      stopping_criterion: _valid_mlm_ppl,25
1:                                      tokens_per_batch: -1
1:                                      use_lang_emb: True
1:                                      use_memory: False
1:                                      validation_metrics: valid_en_de_mlm_ppl
1:                                      vlm_steps: [('en', 'de')]
1:                                      vpara_dataset: {('de', 'en'): {'train': ('/data/shared/ConceptualCaptions/XLM_data/50k/train.de-en.de.pth', '/data/shared/ConceptualCaptions/XLM_data/50k/train.de-en.en.pth'), 'valid': ('/data/shared/ConceptualCaptions/XLM_data/50k/valid.de-en.de.pth', '/data/shared/ConceptualCaptions/XLM_data/50k/valid.de-en.en.pth'), 'test': ('/data/shared/ConceptualCaptions/XLM_data/50k/test.de-en.de.pth', '/data/shared/ConceptualCaptions/XLM_data/50k/test.de-en.en.pth')}}
1:                                      word_blank: 0
1:                                      word_dropout: 0
1:                                      word_keep: 0.1
1:                                      word_mask: 0.8
1:                                      word_mask_keep_rand: 0.8,0.1,0.1
1:                                      word_pred: 0.15
1:                                      word_rand: 0.1
1:                                      word_shuffle: 0
1:                                      world_size: 2
1: INFO - 04/21/20 18:52:52 - 0:00:00 - The experiment will be stored in /data/menekse/dumped/xlm_en_de_tlm/3095
1:                                      
1: INFO - 04/21/20 18:52:52 - 0:00:00 - Running command: python train.py --local_rank=1 --exp_name xlm_en_de_tlm --dump_path '/data/menekse/dumped' --data_path '/data/shared/ConceptualCaptions/XLM_data/50k' --lgs 'en-de' --clm_steps '' --mlm_steps 'en-de' --emb_dim 512 --n_layers 6 --n_heads 8 --dropout '0.1' --attention_dropout '0.1' --gelu_activation true --batch_size 32 --bptt 256 --optimizer 'adam,lr=0.0001' --epoch_size 300000 --max_epoch 100000 --validation_metrics valid_en_de_mlm_ppl --stopping_criterion '_valid_mlm_ppl,25' --fp16 false --image_names '/data/shared/ConceptualCaptions/XLM_data/50k' --reload_model '/data/menekse/dumped/xlm_en_de_tlm/3094/best-valid_en_de_mlm_ppl.pth'
1: 
2: INFO - 04/21/20 18:52:52 - 0:00:00 - accumulate_gradients: 1
2:                                      ae_steps: []
2:                                      amp: -1
2:                                      asm: False
2:                                      attention_dropout: 0.1
2:                                      batch_size: 32
2:                                      beam_size: 1
2:                                      bptt: 256
2:                                      bt_src_langs: []
2:                                      bt_steps: []
2:                                      clip_grad_norm: 5
2:                                      clm_steps: []
2:                                      command: python train.py --local_rank=1 --exp_name xlm_en_de_tlm --dump_path '/data/menekse/dumped' --data_path '/data/shared/ConceptualCaptions/XLM_data/50k' --lgs 'en-de' --clm_steps '' --mlm_steps 'en-de' --emb_dim 512 --n_layers 6 --n_heads 8 --dropout '0.1' --attention_dropout '0.1' --gelu_activation true --batch_size 32 --bptt 256 --optimizer 'adam,lr=0.0001' --epoch_size 300000 --max_epoch 100000 --validation_metrics valid_en_de_mlm_ppl --stopping_criterion '_valid_mlm_ppl,25' --fp16 false --image_names '/data/shared/ConceptualCaptions/XLM_data/50k' --reload_model '/data/menekse/dumped/xlm_en_de_tlm/3094/best-valid_en_de_mlm_ppl.pth' --exp_id "3095"
2:                                      context_size: 0
2:                                      data_path: /data/shared/ConceptualCaptions/XLM_data/50k
2:                                      debug: False
2:                                      debug_slurm: False
2:                                      debug_train: False
2:                                      dropout: 0.1
2:                                      dump_path: /data/menekse/dumped/xlm_en_de_tlm/3095
2:                                      early_stopping: False
2:                                      emb_dim: 512
2:                                      encoder_only: True
2:                                      epoch_size: 300000
2:                                      eval_bleu: False
2:                                      eval_only: False
2:                                      exp_id: 3095
2:                                      exp_name: xlm_en_de_tlm
2:                                      fp16: False
2:                                      gelu_activation: True
2:                                      global_rank: 1
2:                                      group_by_size: True
2:                                      id2lang: {0: 'de', 1: 'en', 2: 'img'}
2:                                      image_names: /data/shared/ConceptualCaptions/XLM_data/50k
2:                                      is_master: False
2:                                      is_slurm_job: False
2:                                      lambda_ae: 1
2:                                      lambda_bt: 1
2:                                      lambda_clm: 1
2:                                      lambda_mlm: 1
2:                                      lambda_mt: 1
2:                                      lambda_pc: 1
2:                                      lang2id: {'de': 0, 'en': 1, 'img': 2}
2:                                      langs: ['en', 'de', 'img']
2:                                      length_penalty: 1
2:                                      lg_sampling_factor: -1
2:                                      lgs: en-de
2:                                      local_rank: 1
2:                                      master_port: -1
2:                                      max_batch_size: 0
2:                                      max_epoch: 100000
2:                                      max_len: 100
2:                                      max_vocab: -1
2:                                      min_count: 0
2:                                      mlm_steps: [('en', 'de')]
2:                                      mono_dataset: {}
2:                                      mt_steps: []
2:                                      multi_gpu: True
2:                                      multi_node: False
2:                                      n_gpu_per_node: 2
2:                                      n_heads: 8
0: WARNING - 04/21/20 18:52:52 - 0:00:00 - Signal handler installed.
2:                                      n_langs: 3
2:                                      n_layers: 6
2:                                      n_nodes: 1
2:                                      node_id: 0
2:                                      only_vlm: False
2:                                      optimizer: adam,lr=0.0001
2:                                      para_dataset: {('de', 'en'): {'train': ('/data/shared/ConceptualCaptions/XLM_data/50k/train.de-en.de.pth', '/data/shared/ConceptualCaptions/XLM_data/50k/train.de-en.en.pth'), 'valid': ('/data/shared/ConceptualCaptions/XLM_data/50k/valid.de-en.de.pth', '/data/shared/ConceptualCaptions/XLM_data/50k/valid.de-en.en.pth'), 'test': ('/data/shared/ConceptualCaptions/XLM_data/50k/test.de-en.de.pth', '/data/shared/ConceptualCaptions/XLM_data/50k/test.de-en.en.pth')}}
2:                                      pc_steps: []
2:                                      region_feats_path: /data/shared/ConceptualCaptions/fastrcnn_features_36/
2:                                      reload_checkpoint: 
2:                                      reload_emb: 
2:                                      reload_model: /data/menekse/dumped/xlm_en_de_tlm/3094/best-valid_en_de_mlm_ppl.pth
2:                                      sample_alpha: 0
2:                                      save_periodic: 0
2:                                      share_inout_emb: True
2:                                      sinusoidal_embeddings: False
2:                                      split_data: False
2:                                      stopping_criterion: _valid_mlm_ppl,25
2:                                      tokens_per_batch: -1
2:                                      use_lang_emb: True
2:                                      use_memory: False
2:                                      validation_metrics: valid_en_de_mlm_ppl
2:                                      vlm_steps: [('en', 'de')]
2:                                      vpara_dataset: {('de', 'en'): {'train': ('/data/shared/ConceptualCaptions/XLM_data/50k/train.de-en.de.pth', '/data/shared/ConceptualCaptions/XLM_data/50k/train.de-en.en.pth'), 'valid': ('/data/shared/ConceptualCaptions/XLM_data/50k/valid.de-en.de.pth', '/data/shared/ConceptualCaptions/XLM_data/50k/valid.de-en.en.pth'), 'test': ('/data/shared/ConceptualCaptions/XLM_data/50k/test.de-en.de.pth', '/data/shared/ConceptualCaptions/XLM_data/50k/test.de-en.en.pth')}}
2:                                      word_blank: 0
2:                                      word_dropout: 0
2:                                      word_keep: 0.1
2:                                      word_mask: 0.8
2:                                      word_mask_keep_rand: 0.8,0.1,0.1
2:                                      word_pred: 0.15
2:                                      word_rand: 0.1
2:                                      word_shuffle: 0
2:                                      world_size: 2
2: INFO - 04/21/20 18:52:52 - 0:00:00 - The experiment will be stored in /data/menekse/dumped/xlm_en_de_tlm/3095
2:                                      
0: 
1: WARNING - 04/21/20 18:52:52 - 0:00:00 - Signal handler installed.
2: INFO - 04/21/20 18:52:52 - 0:00:00 - Running command: python train.py --local_rank=1 --exp_name xlm_en_de_tlm --dump_path '/data/menekse/dumped' --data_path '/data/shared/ConceptualCaptions/XLM_data/50k' --lgs 'en-de' --clm_steps '' --mlm_steps 'en-de' --emb_dim 512 --n_layers 6 --n_heads 8 --dropout '0.1' --attention_dropout '0.1' --gelu_activation true --batch_size 32 --bptt 256 --optimizer 'adam,lr=0.0001' --epoch_size 300000 --max_epoch 100000 --validation_metrics valid_en_de_mlm_ppl --stopping_criterion '_valid_mlm_ppl,25' --fp16 false --image_names '/data/shared/ConceptualCaptions/XLM_data/50k' --reload_model '/data/menekse/dumped/xlm_en_de_tlm/3094/best-valid_en_de_mlm_ppl.pth'
0: INFO - 04/21/20 18:52:52 - 0:00:00 - ============ Parallel data (de-en)
1: 
2: 
1: INFO - 04/21/20 18:52:52 - 0:00:00 - ============ Parallel data (de-en)
0: INFO - 04/21/20 18:52:52 - 0:00:00 - Loading data from /data/shared/ConceptualCaptions/XLM_data/50k/train.de-en.de.pth ...
2: WARNING - 04/21/20 18:52:52 - 0:00:00 - Signal handler installed.
1: INFO - 04/21/20 18:52:52 - 0:00:00 - Loading data from /data/shared/ConceptualCaptions/XLM_data/50k/train.de-en.de.pth ...
2: 
2: INFO - 04/21/20 18:52:52 - 0:00:00 - ============ Parallel data (de-en)
2: INFO - 04/21/20 18:52:52 - 0:00:00 - Loading data from /data/shared/ConceptualCaptions/XLM_data/50k/train.de-en.de.pth ...
0: INFO - 04/21/20 18:52:52 - 0:00:00 - ============ Initialized logger ============
0: INFO - 04/21/20 18:52:52 - 0:00:00 - accumulate_gradients: 1
0:                                      ae_steps: []
0:                                      amp: -1
0:                                      asm: False
0:                                      attention_dropout: 0.1
0:                                      batch_size: 32
0:                                      beam_size: 1
0:                                      bptt: 256
0:                                      bt_src_langs: []
0:                                      bt_steps: []
0:                                      clip_grad_norm: 5
0:                                      clm_steps: []
0:                                      command: python train.py --local_rank=0 --exp_name xlm_en_de_tlm --dump_path '/data/menekse/dumped' --data_path '/data/shared/ConceptualCaptions/XLM_data/50k' --lgs 'en-de' --clm_steps '' --mlm_steps 'en-de' --emb_dim 512 --n_layers 6 --n_heads 8 --dropout '0.1' --attention_dropout '0.1' --gelu_activation true --batch_size 32 --bptt 256 --optimizer 'adam,lr=0.0001' --epoch_size 300000 --max_epoch 100000 --validation_metrics valid_en_de_mlm_ppl --stopping_criterion '_valid_mlm_ppl,25' --fp16 false --image_names '/data/shared/ConceptualCaptions/XLM_data/50k' --reload_model '/data/menekse/dumped/xlm_en_de_tlm/3094/best-valid_en_de_mlm_ppl.pth' --exp_id "3095"
0:                                      context_size: 0
0:                                      data_path: /data/shared/ConceptualCaptions/XLM_data/50k
0:                                      debug: False
0:                                      debug_slurm: False
0:                                      debug_train: False
0:                                      dropout: 0.1
0:                                      dump_path: /data/menekse/dumped/xlm_en_de_tlm/3095
0:                                      early_stopping: False
0:                                      emb_dim: 512
0:                                      encoder_only: True
0:                                      epoch_size: 300000
0:                                      eval_bleu: False
0:                                      eval_only: False
0:                                      exp_id: 3095
0:                                      exp_name: xlm_en_de_tlm
0:                                      fp16: False
0:                                      gelu_activation: True
0:                                      global_rank: 0
0:                                      group_by_size: True
0:                                      id2lang: {0: 'de', 1: 'en', 2: 'img'}
0:                                      image_names: /data/shared/ConceptualCaptions/XLM_data/50k
0:                                      is_master: True
0:                                      is_slurm_job: False
0:                                      lambda_ae: 1
0:                                      lambda_bt: 1
0:                                      lambda_clm: 1
0:                                      lambda_mlm: 1
0:                                      lambda_mt: 1
0:                                      lambda_pc: 1
0:                                      lang2id: {'de': 0, 'en': 1, 'img': 2}
0:                                      langs: ['en', 'de', 'img']
0:                                      length_penalty: 1
0:                                      lg_sampling_factor: -1
0:                                      lgs: en-de
0:                                      local_rank: 0
0:                                      master_port: -1
0:                                      max_batch_size: 0
0:                                      max_epoch: 100000
0:                                      max_len: 100
0:                                      max_vocab: -1
0:                                      min_count: 0
0:                                      mlm_steps: [('en', 'de')]
0:                                      mono_dataset: {}
0:                                      mt_steps: []
0:                                      multi_gpu: True
0:                                      multi_node: False
0:                                      n_gpu_per_node: 2
0:                                      n_heads: 8
0:                                      n_langs: 3
0:                                      n_layers: 6
0:                                      n_nodes: 1
0:                                      node_id: 0
0:                                      only_vlm: False
0:                                      optimizer: adam,lr=0.0001
0:                                      para_dataset: {('de', 'en'): {'train': ('/data/shared/ConceptualCaptions/XLM_data/50k/train.de-en.de.pth', '/data/shared/ConceptualCaptions/XLM_data/50k/train.de-en.en.pth'), 'valid': ('/data/shared/ConceptualCaptions/XLM_data/50k/valid.de-en.de.pth', '/data/shared/ConceptualCaptions/XLM_data/50k/valid.de-en.en.pth'), 'test': ('/data/shared/ConceptualCaptions/XLM_data/50k/test.de-en.de.pth', '/data/shared/ConceptualCaptions/XLM_data/50k/test.de-en.en.pth')}}
0:                                      pc_steps: []
0:                                      region_feats_path: /data/shared/ConceptualCaptions/fastrcnn_features_36/
0:                                      reload_checkpoint: 
0:                                      reload_emb: 
0:                                      reload_model: /data/menekse/dumped/xlm_en_de_tlm/3094/best-valid_en_de_mlm_ppl.pth
0:                                      sample_alpha: 0
0:                                      save_periodic: 0
0:                                      share_inout_emb: True
0:                                      sinusoidal_embeddings: False
0:                                      split_data: False
0:                                      stopping_criterion: _valid_mlm_ppl,25
0:                                      tokens_per_batch: -1
0:                                      use_lang_emb: True
0:                                      use_memory: False
0:                                      validation_metrics: valid_en_de_mlm_ppl
0:                                      vlm_steps: [('en', 'de')]
0:                                      vpara_dataset: {('de', 'en'): {'train': ('/data/shared/ConceptualCaptions/XLM_data/50k/train.de-en.de.pth', '/data/shared/ConceptualCaptions/XLM_data/50k/train.de-en.en.pth'), 'valid': ('/data/shared/ConceptualCaptions/XLM_data/50k/valid.de-en.de.pth', '/data/shared/ConceptualCaptions/XLM_data/50k/valid.de-en.en.pth'), 'test': ('/data/shared/ConceptualCaptions/XLM_data/50k/test.de-en.de.pth', '/data/shared/ConceptualCaptions/XLM_data/50k/test.de-en.en.pth')}}
0:                                      word_blank: 0
0:                                      word_dropout: 0
0:                                      word_keep: 0.1
0:                                      word_mask: 0.8
0:                                      word_mask_keep_rand: 0.8,0.1,0.1
0:                                      word_pred: 0.15
0:                                      word_rand: 0.1
0:                                      word_shuffle: 0
0:                                      world_size: 2
0: INFO - 04/21/20 18:52:52 - 0:00:00 - The experiment will be stored in /data/menekse/dumped/xlm_en_de_tlm/3095
0:                                      
0: INFO - 04/21/20 18:52:52 - 0:00:00 - Running command: python train.py --local_rank=0 --exp_name xlm_en_de_tlm --dump_path '/data/menekse/dumped' --data_path '/data/shared/ConceptualCaptions/XLM_data/50k' --lgs 'en-de' --clm_steps '' --mlm_steps 'en-de' --emb_dim 512 --n_layers 6 --n_heads 8 --dropout '0.1' --attention_dropout '0.1' --gelu_activation true --batch_size 32 --bptt 256 --optimizer 'adam,lr=0.0001' --epoch_size 300000 --max_epoch 100000 --validation_metrics valid_en_de_mlm_ppl --stopping_criterion '_valid_mlm_ppl,25' --fp16 false --image_names '/data/shared/ConceptualCaptions/XLM_data/50k' --reload_model '/data/menekse/dumped/xlm_en_de_tlm/3094/best-valid_en_de_mlm_ppl.pth'
0: 
0: WARNING - 04/21/20 18:52:52 - 0:00:00 - Signal handler installed.
0: 
0: INFO - 04/21/20 18:52:52 - 0:00:00 - ============ Parallel data (de-en)
0: INFO - 04/21/20 18:52:52 - 0:00:00 - Loading data from /data/shared/ConceptualCaptions/XLM_data/50k/train.de-en.de.pth ...
3: INFO - 04/21/20 18:52:52 - 0:00:00 - ============ Initialized logger ============
3: INFO - 04/21/20 18:52:52 - 0:00:00 - accumulate_gradients: 1
3:                                      ae_steps: []
3:                                      amp: -1
3:                                      asm: False
3:                                      attention_dropout: 0.1
3:                                      batch_size: 32
3:                                      beam_size: 1
3:                                      bptt: 256
3:                                      bt_src_langs: []
3:                                      bt_steps: []
3:                                      clip_grad_norm: 5
3:                                      clm_steps: []
3:                                      command: python train.py --local_rank=1 --exp_name xlm_en_de_tlm --dump_path '/data/menekse/dumped' --data_path '/data/shared/ConceptualCaptions/XLM_data/50k' --lgs 'en-de' --clm_steps '' --mlm_steps 'en-de' --emb_dim 512 --n_layers 6 --n_heads 8 --dropout '0.1' --attention_dropout '0.1' --gelu_activation true --batch_size 32 --bptt 256 --optimizer 'adam,lr=0.0001' --epoch_size 300000 --max_epoch 100000 --validation_metrics valid_en_de_mlm_ppl --stopping_criterion '_valid_mlm_ppl,25' --fp16 false --image_names '/data/shared/ConceptualCaptions/XLM_data/50k' --reload_model '/data/menekse/dumped/xlm_en_de_tlm/3094/best-valid_en_de_mlm_ppl.pth' --exp_id "3095"
3:                                      context_size: 0
3:                                      data_path: /data/shared/ConceptualCaptions/XLM_data/50k
3:                                      debug: False
3:                                      debug_slurm: False
3:                                      debug_train: False
3:                                      dropout: 0.1
3:                                      dump_path: /data/menekse/dumped/xlm_en_de_tlm/3095
3:                                      early_stopping: False
3:                                      emb_dim: 512
3:                                      encoder_only: True
3:                                      epoch_size: 300000
3:                                      eval_bleu: False
3:                                      eval_only: False
3:                                      exp_id: 3095
3:                                      exp_name: xlm_en_de_tlm
3:                                      fp16: False
3:                                      gelu_activation: True
3:                                      global_rank: 1
3:                                      group_by_size: True
3:                                      id2lang: {0: 'de', 1: 'en', 2: 'img'}
3:                                      image_names: /data/shared/ConceptualCaptions/XLM_data/50k
3:                                      is_master: False
3:                                      is_slurm_job: False
3:                                      lambda_ae: 1
3:                                      lambda_bt: 1
3:                                      lambda_clm: 1
3:                                      lambda_mlm: 1
3:                                      lambda_mt: 1
3:                                      lambda_pc: 1
3:                                      lang2id: {'de': 0, 'en': 1, 'img': 2}
3:                                      langs: ['en', 'de', 'img']
3:                                      length_penalty: 1
3:                                      lg_sampling_factor: -1
3:                                      lgs: en-de
3:                                      local_rank: 1
3:                                      master_port: -1
3:                                      max_batch_size: 0
3:                                      max_epoch: 100000
3:                                      max_len: 100
3:                                      max_vocab: -1
3:                                      min_count: 0
3:                                      mlm_steps: [('en', 'de')]
3:                                      mono_dataset: {}
3:                                      mt_steps: []
3:                                      multi_gpu: True
3:                                      multi_node: False
3:                                      n_gpu_per_node: 2
3:                                      n_heads: 8
3:                                      n_langs: 3
3:                                      n_layers: 6
3:                                      n_nodes: 1
3:                                      node_id: 0
3:                                      only_vlm: False
3:                                      optimizer: adam,lr=0.0001
3:                                      para_dataset: {('de', 'en'): {'train': ('/data/shared/ConceptualCaptions/XLM_data/50k/train.de-en.de.pth', '/data/shared/ConceptualCaptions/XLM_data/50k/train.de-en.en.pth'), 'valid': ('/data/shared/ConceptualCaptions/XLM_data/50k/valid.de-en.de.pth', '/data/shared/ConceptualCaptions/XLM_data/50k/valid.de-en.en.pth'), 'test': ('/data/shared/ConceptualCaptions/XLM_data/50k/test.de-en.de.pth', '/data/shared/ConceptualCaptions/XLM_data/50k/test.de-en.en.pth')}}
3:                                      pc_steps: []
3:                                      region_feats_path: /data/shared/ConceptualCaptions/fastrcnn_features_36/
3:                                      reload_checkpoint: 
3:                                      reload_emb: 
3:                                      reload_model: /data/menekse/dumped/xlm_en_de_tlm/3094/best-valid_en_de_mlm_ppl.pth
3:                                      sample_alpha: 0
3:                                      save_periodic: 0
3:                                      share_inout_emb: True
3:                                      sinusoidal_embeddings: False
3:                                      split_data: False
3:                                      stopping_criterion: _valid_mlm_ppl,25
3:                                      tokens_per_batch: -1
3:                                      use_lang_emb: True
3:                                      use_memory: False
3:                                      validation_metrics: valid_en_de_mlm_ppl
3:                                      vlm_steps: [('en', 'de')]
3:                                      vpara_dataset: {('de', 'en'): {'train': ('/data/shared/ConceptualCaptions/XLM_data/50k/train.de-en.de.pth', '/data/shared/ConceptualCaptions/XLM_data/50k/train.de-en.en.pth'), 'valid': ('/data/shared/ConceptualCaptions/XLM_data/50k/valid.de-en.de.pth', '/data/shared/ConceptualCaptions/XLM_data/50k/valid.de-en.en.pth'), 'test': ('/data/shared/ConceptualCaptions/XLM_data/50k/test.de-en.de.pth', '/data/shared/ConceptualCaptions/XLM_data/50k/test.de-en.en.pth')}}
3:                                      word_blank: 0
3:                                      word_dropout: 0
3:                                      word_keep: 0.1
3:                                      word_mask: 0.8
3:                                      word_mask_keep_rand: 0.8,0.1,0.1
3:                                      word_pred: 0.15
3:                                      word_rand: 0.1
3:                                      word_shuffle: 0
3:                                      world_size: 2
3: INFO - 04/21/20 18:52:52 - 0:00:00 - The experiment will be stored in /data/menekse/dumped/xlm_en_de_tlm/3095
3:                                      
3: INFO - 04/21/20 18:52:52 - 0:00:00 - Running command: python train.py --local_rank=1 --exp_name xlm_en_de_tlm --dump_path '/data/menekse/dumped' --data_path '/data/shared/ConceptualCaptions/XLM_data/50k' --lgs 'en-de' --clm_steps '' --mlm_steps 'en-de' --emb_dim 512 --n_layers 6 --n_heads 8 --dropout '0.1' --attention_dropout '0.1' --gelu_activation true --batch_size 32 --bptt 256 --optimizer 'adam,lr=0.0001' --epoch_size 300000 --max_epoch 100000 --validation_metrics valid_en_de_mlm_ppl --stopping_criterion '_valid_mlm_ppl,25' --fp16 false --image_names '/data/shared/ConceptualCaptions/XLM_data/50k' --reload_model '/data/menekse/dumped/xlm_en_de_tlm/3094/best-valid_en_de_mlm_ppl.pth'
3: 
3: WARNING - 04/21/20 18:52:52 - 0:00:00 - Signal handler installed.
3: 
3: INFO - 04/21/20 18:52:52 - 0:00:00 - ============ Parallel data (de-en)
3: INFO - 04/21/20 18:52:52 - 0:00:00 - Loading data from /data/shared/ConceptualCaptions/XLM_data/50k/train.de-en.de.pth ...
2: Traceback (most recent call last):
2:   File "/usr/lib64/python3.6/runpy.py", line 193, in _run_module_as_main
2:     "__main__", mod_spec)
2:   File "/usr/lib64/python3.6/runpy.py", line 85, in _run_code
2:     exec(code, run_globals)
2:   File "/home/menekse/virtualenvs/torch_env/lib/python3.6/site-packages/torch/distributed/launch.py", line 263, in <module>
2:     main()
2:   File "/home/menekse/virtualenvs/torch_env/lib/python3.6/site-packages/torch/distributed/launch.py", line 259, in main
2:     cmd=cmd)
2: subprocess.CalledProcessError: Command '['/home/menekse/virtualenvs/torch_env/bin/python', '-u', 'train.py', '--local_rank=1', '--exp_name', 'xlm_en_de_tlm', '--dump_path', '/data/menekse/dumped', '--data_path', '/data/shared/ConceptualCaptions/XLM_data/50k', '--lgs', 'en-de', '--clm_steps', '', '--mlm_steps', 'en-de', '--emb_dim', '512', '--n_layers', '6', '--n_heads', '8', '--dropout', '0.1', '--attention_dropout', '0.1', '--gelu_activation', 'true', '--batch_size', '32', '--bptt', '256', '--optimizer', 'adam,lr=0.0001', '--epoch_size', '300000', '--max_epoch', '100000', '--validation_metrics', 'valid_en_de_mlm_ppl', '--stopping_criterion', '_valid_mlm_ppl,25', '--fp16', 'false', '--image_names', '/data/shared/ConceptualCaptions/XLM_data/50k', '--reload_model', '/data/menekse/dumped/xlm_en_de_tlm/3094/best-valid_en_de_mlm_ppl.pth']' returned non-zero exit status 1.
3: Traceback (most recent call last):
3:   File "/usr/lib64/python3.6/runpy.py", line 193, in _run_module_as_main
3:     "__main__", mod_spec)
3:   File "/usr/lib64/python3.6/runpy.py", line 85, in _run_code
3:     exec(code, run_globals)
3:   File "/home/menekse/virtualenvs/torch_env/lib/python3.6/site-packages/torch/distributed/launch.py", line 263, in <module>
3:     main()
3:   File "/home/menekse/virtualenvs/torch_env/lib/python3.6/site-packages/torch/distributed/launch.py", line 259, in main
3:     cmd=cmd)
3: subprocess.CalledProcessError: Command '['/home/menekse/virtualenvs/torch_env/bin/python', '-u', 'train.py', '--local_rank=1', '--exp_name', 'xlm_en_de_tlm', '--dump_path', '/data/menekse/dumped', '--data_path', '/data/shared/ConceptualCaptions/XLM_data/50k', '--lgs', 'en-de', '--clm_steps', '', '--mlm_steps', 'en-de', '--emb_dim', '512', '--n_layers', '6', '--n_heads', '8', '--dropout', '0.1', '--attention_dropout', '0.1', '--gelu_activation', 'true', '--batch_size', '32', '--bptt', '256', '--optimizer', 'adam,lr=0.0001', '--epoch_size', '300000', '--max_epoch', '100000', '--validation_metrics', 'valid_en_de_mlm_ppl', '--stopping_criterion', '_valid_mlm_ppl,25', '--fp16', 'false', '--image_names', '/data/shared/ConceptualCaptions/XLM_data/50k', '--reload_model', '/data/menekse/dumped/xlm_en_de_tlm/3094/best-valid_en_de_mlm_ppl.pth']' returned non-zero exit status 1.
0: INFO - 04/21/20 18:52:56 - 0:00:04 - 33531289 words (43583 unique) in 3308333 sentences. 0 unknown words (0 unique) covering 0.00% of the data.
0: INFO - 04/21/20 18:52:56 - 0:00:04 - Loading data from /data/shared/ConceptualCaptions/XLM_data/50k/train.de-en.en.pth ...
0: INFO - 04/21/20 18:52:56 - 0:00:04 - 33531289 words (43583 unique) in 3308333 sentences. 0 unknown words (0 unique) covering 0.00% of the data.
0: INFO - 04/21/20 18:52:56 - 0:00:04 - Loading data from /data/shared/ConceptualCaptions/XLM_data/50k/train.de-en.en.pth ...
2: INFO - 04/21/20 18:52:56 - 0:00:04 - 33531289 words (43583 unique) in 3308333 sentences. 0 unknown words (0 unique) covering 0.00% of the data.
2: INFO - 04/21/20 18:52:56 - 0:00:04 - Loading data from /data/shared/ConceptualCaptions/XLM_data/50k/train.de-en.en.pth ...
3: INFO - 04/21/20 18:52:57 - 0:00:05 - 33531289 words (43583 unique) in 3308333 sentences. 0 unknown words (0 unique) covering 0.00% of the data.
3: INFO - 04/21/20 18:52:57 - 0:00:05 - Loading data from /data/shared/ConceptualCaptions/XLM_data/50k/train.de-en.en.pth ...
1: Traceback (most recent call last):
1:   File "/usr/lib64/python3.6/runpy.py", line 193, in _run_module_as_main
1:     "__main__", mod_spec)
1:   File "/usr/lib64/python3.6/runpy.py", line 85, in _run_code
1:     exec(code, run_globals)
1:   File "/home/menekse/virtualenvs/torch_env/lib/python3.6/site-packages/torch/distributed/launch.py", line 263, in <module>
1:     main()
1:   File "/home/menekse/virtualenvs/torch_env/lib/python3.6/site-packages/torch/distributed/launch.py", line 259, in main
1:     cmd=cmd)
1: subprocess.CalledProcessError: Command '['/home/menekse/virtualenvs/torch_env/bin/python', '-u', 'train.py', '--local_rank=1', '--exp_name', 'xlm_en_de_tlm', '--dump_path', '/data/menekse/dumped', '--data_path', '/data/shared/ConceptualCaptions/XLM_data/50k', '--lgs', 'en-de', '--clm_steps', '', '--mlm_steps', 'en-de', '--emb_dim', '512', '--n_layers', '6', '--n_heads', '8', '--dropout', '0.1', '--attention_dropout', '0.1', '--gelu_activation', 'true', '--batch_size', '32', '--bptt', '256', '--optimizer', 'adam,lr=0.0001', '--epoch_size', '300000', '--max_epoch', '100000', '--validation_metrics', 'valid_en_de_mlm_ppl', '--stopping_criterion', '_valid_mlm_ppl,25', '--fp16', 'false', '--image_names', '/data/shared/ConceptualCaptions/XLM_data/50k', '--reload_model', '/data/menekse/dumped/xlm_en_de_tlm/3094/best-valid_en_de_mlm_ppl.pth']' returned non-zero exit status 1.
1: INFO - 04/21/20 18:52:57 - 0:00:05 - 33531289 words (43583 unique) in 3308333 sentences. 0 unknown words (0 unique) covering 0.00% of the data.
1: INFO - 04/21/20 18:52:57 - 0:00:05 - Loading data from /data/shared/ConceptualCaptions/XLM_data/50k/train.de-en.en.pth ...
srun: error: hanabi: task 2: Exited with exit code 1
0: INFO - 04/21/20 18:53:00 - 0:00:08 - 34574637 words (43583 unique) in 3308333 sentences. 1388007 unknown words (5654 unique) covering 4.01% of the data.
0: INFO - 04/21/20 18:53:01 - 0:00:09 - 34574637 words (43583 unique) in 3308333 sentences. 1388007 unknown words (5654 unique) covering 4.01% of the data.
srun: error: hanabi: task 3: Exited with exit code 1
2: INFO - 04/21/20 18:53:01 - 0:00:09 - 34574637 words (43583 unique) in 3308333 sentences. 1388007 unknown words (5654 unique) covering 4.01% of the data.
3: INFO - 04/21/20 18:53:01 - 0:00:09 - 34574637 words (43583 unique) in 3308333 sentences. 1388007 unknown words (5654 unique) covering 4.01% of the data.
1: INFO - 04/21/20 18:53:01 - 0:00:09 - 34574637 words (43583 unique) in 3308333 sentences. 1388007 unknown words (5654 unique) covering 4.01% of the data.
srun: error: hanabi: task 1: Exited with exit code 1
0: INFO - 04/21/20 18:53:07 - 0:00:15 - Removed 0 empty sentences.
3: INFO - 04/21/20 18:53:09 - 0:00:17 - Removed 0 empty sentences.
2: INFO - 04/21/20 18:53:10 - 0:00:18 - Removed 0 empty sentences.
0: INFO - 04/21/20 18:53:10 - 0:00:18 - Removed 0 empty sentences.
1: INFO - 04/21/20 18:53:10 - 0:00:18 - Removed 0 empty sentences.
0: INFO - 04/21/20 18:53:20 - 0:00:28 - Removed 0 empty sentences.
3: INFO - 04/21/20 18:53:22 - 0:00:30 - Removed 0 empty sentences.
2: INFO - 04/21/20 18:53:25 - 0:00:33 - Removed 0 empty sentences.
1: INFO - 04/21/20 18:53:27 - 0:00:35 - Removed 0 empty sentences.
0: INFO - 04/21/20 18:53:29 - 0:00:37 - Removed 2 too long sentences.
0: INFO - 04/21/20 18:53:30 - 0:00:38 - Removed 0 empty sentences.
3: INFO - 04/21/20 18:53:31 - 0:00:39 - Removed 2 too long sentences.
0: 
0: INFO - 04/21/20 18:53:33 - 0:00:41 - Loading data from /data/shared/ConceptualCaptions/XLM_data/50k/valid.de-en.de.pth ...
0: INFO - 04/21/20 18:53:33 - 0:00:42 - 50155 words (43583 unique) in 5000 sentences. 2 unknown words (2 unique) covering 0.00% of the data.
0: INFO - 04/21/20 18:53:34 - 0:00:42 - Loading data from /data/shared/ConceptualCaptions/XLM_data/50k/valid.de-en.en.pth ...
0: INFO - 04/21/20 18:53:34 - 0:00:42 - 51874 words (43583 unique) in 5000 sentences. 2079 unknown words (1276 unique) covering 4.01% of the data.
2: INFO - 04/21/20 18:53:34 - 0:00:42 - Removed 2 too long sentences.
3: 
3: INFO - 04/21/20 18:53:35 - 0:00:43 - Loading data from /data/shared/ConceptualCaptions/XLM_data/50k/valid.de-en.de.pth ...
3: INFO - 04/21/20 18:53:35 - 0:00:43 - 50155 words (43583 unique) in 5000 sentences. 2 unknown words (2 unique) covering 0.00% of the data.
3: INFO - 04/21/20 18:53:35 - 0:00:43 - Loading data from /data/shared/ConceptualCaptions/XLM_data/50k/valid.de-en.en.pth ...
3: INFO - 04/21/20 18:53:35 - 0:00:43 - 51874 words (43583 unique) in 5000 sentences. 2079 unknown words (1276 unique) covering 4.01% of the data.
1: INFO - 04/21/20 18:53:37 - 0:00:45 - Removed 2 too long sentences.
0: INFO - 04/21/20 18:53:37 - 0:00:45 - Removed 0 empty sentences.
0: 
0: INFO - 04/21/20 18:53:37 - 0:00:45 - Loading data from /data/shared/ConceptualCaptions/XLM_data/50k/test.de-en.de.pth ...
0: INFO - 04/21/20 18:53:37 - 0:00:46 - 50096 words (43583 unique) in 5000 sentences. 2 unknown words (2 unique) covering 0.00% of the data.
0: INFO - 04/21/20 18:53:38 - 0:00:46 - Loading data from /data/shared/ConceptualCaptions/XLM_data/50k/test.de-en.en.pth ...
3: INFO - 04/21/20 18:53:38 - 0:00:46 - Removed 0 empty sentences.
3: 
3: INFO - 04/21/20 18:53:38 - 0:00:46 - Loading data from /data/shared/ConceptualCaptions/XLM_data/50k/test.de-en.de.pth ...
0: INFO - 04/21/20 18:53:38 - 0:00:46 - 51841 words (43583 unique) in 5000 sentences. 2012 unknown words (1221 unique) covering 3.88% of the data.
2: 
2: INFO - 04/21/20 18:53:38 - 0:00:46 - Loading data from /data/shared/ConceptualCaptions/XLM_data/50k/valid.de-en.de.pth ...
3: INFO - 04/21/20 18:53:38 - 0:00:46 - 50096 words (43583 unique) in 5000 sentences. 2 unknown words (2 unique) covering 0.00% of the data.
3: INFO - 04/21/20 18:53:38 - 0:00:46 - Loading data from /data/shared/ConceptualCaptions/XLM_data/50k/test.de-en.en.pth ...
2: INFO - 04/21/20 18:53:38 - 0:00:46 - 50155 words (43583 unique) in 5000 sentences. 2 unknown words (2 unique) covering 0.00% of the data.
2: INFO - 04/21/20 18:53:38 - 0:00:46 - Loading data from /data/shared/ConceptualCaptions/XLM_data/50k/valid.de-en.en.pth ...
3: INFO - 04/21/20 18:53:38 - 0:00:46 - 51841 words (43583 unique) in 5000 sentences. 2012 unknown words (1221 unique) covering 3.88% of the data.
2: INFO - 04/21/20 18:53:39 - 0:00:47 - 51874 words (43583 unique) in 5000 sentences. 2079 unknown words (1276 unique) covering 4.01% of the data.
3: INFO - 04/21/20 18:53:40 - 0:00:48 - Removed 0 empty sentences.
3: 
3: 
3: INFO - 04/21/20 18:53:40 - 0:00:48 - ============ Parallel data with image regions (de-en)
3: INFO - 04/21/20 18:53:40 - 0:00:48 - Loading data from /data/shared/ConceptualCaptions/XLM_data/50k/train.de-en.de.pth ...
1: 
1: INFO - 04/21/20 18:53:41 - 0:00:49 - Loading data from /data/shared/ConceptualCaptions/XLM_data/50k/valid.de-en.de.pth ...
2: INFO - 04/21/20 18:53:41 - 0:00:49 - Removed 0 empty sentences.
2: 
2: INFO - 04/21/20 18:53:41 - 0:00:49 - Loading data from /data/shared/ConceptualCaptions/XLM_data/50k/test.de-en.de.pth ...
0: INFO - 04/21/20 18:53:41 - 0:00:49 - Removed 0 empty sentences.
0: 
0: 
1: INFO - 04/21/20 18:53:41 - 0:00:49 - 50155 words (43583 unique) in 5000 sentences. 2 unknown words (2 unique) covering 0.00% of the data.
0: INFO - 04/21/20 18:53:41 - 0:00:49 - ============ Parallel data with image regions (de-en)
0: INFO - 04/21/20 18:53:41 - 0:00:49 - Loading data from /data/shared/ConceptualCaptions/XLM_data/50k/train.de-en.de.pth ...
1: INFO - 04/21/20 18:53:41 - 0:00:49 - Loading data from /data/shared/ConceptualCaptions/XLM_data/50k/valid.de-en.en.pth ...
2: INFO - 04/21/20 18:53:41 - 0:00:49 - 50096 words (43583 unique) in 5000 sentences. 2 unknown words (2 unique) covering 0.00% of the data.
2: INFO - 04/21/20 18:53:41 - 0:00:49 - Loading data from /data/shared/ConceptualCaptions/XLM_data/50k/test.de-en.en.pth ...
0: INFO - 04/21/20 18:53:41 - 0:00:49 - Removed 2 too long sentences.
1: INFO - 04/21/20 18:53:41 - 0:00:49 - 51874 words (43583 unique) in 5000 sentences. 2079 unknown words (1276 unique) covering 4.01% of the data.
2: INFO - 04/21/20 18:53:41 - 0:00:49 - 51841 words (43583 unique) in 5000 sentences. 2012 unknown words (1221 unique) covering 3.88% of the data.
3: INFO - 04/21/20 18:53:43 - 0:00:51 - 33531289 words (43583 unique) in 3308333 sentences. 0 unknown words (0 unique) covering 0.00% of the data.
3: INFO - 04/21/20 18:53:43 - 0:00:51 - Loading data from /data/shared/ConceptualCaptions/XLM_data/50k/train.de-en.en.pth ...
2: INFO - 04/21/20 18:53:43 - 0:00:52 - Removed 0 empty sentences.
2: 
2: 
2: INFO - 04/21/20 18:53:44 - 0:00:52 - ============ Parallel data with image regions (de-en)
2: INFO - 04/21/20 18:53:44 - 0:00:52 - Loading data from /data/shared/ConceptualCaptions/XLM_data/50k/train.de-en.de.pth ...
1: INFO - 04/21/20 18:53:44 - 0:00:52 - Removed 0 empty sentences.
1: 
1: INFO - 04/21/20 18:53:44 - 0:00:53 - Loading data from /data/shared/ConceptualCaptions/XLM_data/50k/test.de-en.de.pth ...
0: INFO - 04/21/20 18:53:44 - 0:00:53 - 33531289 words (43583 unique) in 3308333 sentences. 0 unknown words (0 unique) covering 0.00% of the data.
0: INFO - 04/21/20 18:53:44 - 0:00:53 - Loading data from /data/shared/ConceptualCaptions/XLM_data/50k/train.de-en.en.pth ...
1: INFO - 04/21/20 18:53:45 - 0:00:53 - 50096 words (43583 unique) in 5000 sentences. 2 unknown words (2 unique) covering 0.00% of the data.
1: INFO - 04/21/20 18:53:45 - 0:00:53 - Loading data from /data/shared/ConceptualCaptions/XLM_data/50k/test.de-en.en.pth ...
1: INFO - 04/21/20 18:53:45 - 0:00:53 - 51841 words (43583 unique) in 5000 sentences. 2012 unknown words (1221 unique) covering 3.88% of the data.
0: 
0: INFO - 04/21/20 18:53:46 - 0:00:54 - Loading data from /data/shared/ConceptualCaptions/XLM_data/50k/valid.de-en.de.pth ...
0: INFO - 04/21/20 18:53:46 - 0:00:54 - 50155 words (43583 unique) in 5000 sentences. 2 unknown words (2 unique) covering 0.00% of the data.
0: INFO - 04/21/20 18:53:46 - 0:00:54 - Loading data from /data/shared/ConceptualCaptions/XLM_data/50k/valid.de-en.en.pth ...
3: INFO - 04/21/20 18:53:46 - 0:00:54 - 34574637 words (43583 unique) in 3308333 sentences. 1388007 unknown words (5654 unique) covering 4.01% of the data.
0: INFO - 04/21/20 18:53:46 - 0:00:54 - 51874 words (43583 unique) in 5000 sentences. 2079 unknown words (1276 unique) covering 4.01% of the data.
2: INFO - 04/21/20 18:53:47 - 0:00:55 - 33531289 words (43583 unique) in 3308333 sentences. 0 unknown words (0 unique) covering 0.00% of the data.
2: INFO - 04/21/20 18:53:47 - 0:00:55 - Loading data from /data/shared/ConceptualCaptions/XLM_data/50k/train.de-en.en.pth ...
0: INFO - 04/21/20 18:53:48 - 0:00:56 - 34574637 words (43583 unique) in 3308333 sentences. 1388007 unknown words (5654 unique) covering 4.01% of the data.
1: INFO - 04/21/20 18:53:48 - 0:00:56 - Removed 0 empty sentences.
1: 
1: 
1: INFO - 04/21/20 18:53:48 - 0:00:56 - ============ Parallel data with image regions (de-en)
1: INFO - 04/21/20 18:53:48 - 0:00:56 - Loading data from /data/shared/ConceptualCaptions/XLM_data/50k/train.de-en.de.pth ...
2: INFO - 04/21/20 18:53:49 - 0:00:57 - 34574637 words (43583 unique) in 3308333 sentences. 1388007 unknown words (5654 unique) covering 4.01% of the data.
0: INFO - 04/21/20 18:53:49 - 0:00:58 - Removed 0 empty sentences.
0: 
0: INFO - 04/21/20 18:53:49 - 0:00:58 - Loading data from /data/shared/ConceptualCaptions/XLM_data/50k/test.de-en.de.pth ...
0: INFO - 04/21/20 18:53:50 - 0:00:58 - 50096 words (43583 unique) in 5000 sentences. 2 unknown words (2 unique) covering 0.00% of the data.
0: INFO - 04/21/20 18:53:50 - 0:00:58 - Loading data from /data/shared/ConceptualCaptions/XLM_data/50k/test.de-en.en.pth ...
0: INFO - 04/21/20 18:53:50 - 0:00:58 - 51841 words (43583 unique) in 5000 sentences. 2012 unknown words (1221 unique) covering 3.88% of the data.
1: INFO - 04/21/20 18:53:51 - 0:00:59 - 33531289 words (43583 unique) in 3308333 sentences. 0 unknown words (0 unique) covering 0.00% of the data.
1: INFO - 04/21/20 18:53:51 - 0:00:59 - Loading data from /data/shared/ConceptualCaptions/XLM_data/50k/train.de-en.en.pth ...
0: INFO - 04/21/20 18:53:53 - 0:01:01 - Removed 0 empty sentences.
0: 
0: 
0: INFO - 04/21/20 18:53:53 - 0:01:01 - ============ Parallel data with image regions (de-en)
0: INFO - 04/21/20 18:53:53 - 0:01:01 - Loading data from /data/shared/ConceptualCaptions/XLM_data/50k/train.de-en.de.pth ...
1: INFO - 04/21/20 18:53:54 - 0:01:02 - 34574637 words (43583 unique) in 3308333 sentences. 1388007 unknown words (5654 unique) covering 4.01% of the data.
0: INFO - 04/21/20 18:53:56 - 0:01:04 - 33531289 words (43583 unique) in 3308333 sentences. 0 unknown words (0 unique) covering 0.00% of the data.
0: INFO - 04/21/20 18:53:56 - 0:01:04 - Loading data from /data/shared/ConceptualCaptions/XLM_data/50k/train.de-en.en.pth ...
0: INFO - 04/21/20 18:53:59 - 0:01:07 - 34574637 words (43583 unique) in 3308333 sentences. 1388007 unknown words (5654 unique) covering 4.01% of the data.
3: INFO - 04/21/20 18:54:32 - 0:01:40 - Removed 0 empty sentences.
2: INFO - 04/21/20 18:54:36 - 0:01:44 - Removed 0 empty sentences.
3: INFO - 04/21/20 18:54:46 - 0:01:54 - Removed 0 empty sentences.
0: INFO - 04/21/20 18:54:48 - 0:01:56 - Removed 0 empty sentences.
2: INFO - 04/21/20 18:54:50 - 0:01:58 - Removed 0 empty sentences.
1: INFO - 04/21/20 18:54:56 - 0:02:04 - Removed 0 empty sentences.
3: INFO - 04/21/20 18:54:57 - 0:02:05 - Removed 2 too long sentences.
2: INFO - 04/21/20 18:55:00 - 0:02:08 - Removed 2 too long sentences.
3: 
3: INFO - 04/21/20 18:55:00 - 0:02:08 - Loading data from /data/shared/ConceptualCaptions/XLM_data/50k/valid.de-en.de.pth ...
3: INFO - 04/21/20 18:55:01 - 0:02:09 - 50155 words (43583 unique) in 5000 sentences. 2 unknown words (2 unique) covering 0.00% of the data.
3: INFO - 04/21/20 18:55:01 - 0:02:09 - Loading data from /data/shared/ConceptualCaptions/XLM_data/50k/valid.de-en.en.pth ...
3: INFO - 04/21/20 18:55:01 - 0:02:09 - 51874 words (43583 unique) in 5000 sentences. 2079 unknown words (1276 unique) covering 4.01% of the data.
0: INFO - 04/21/20 18:55:02 - 0:02:10 - Removed 0 empty sentences.
2: 
2: INFO - 04/21/20 18:55:04 - 0:02:12 - Loading data from /data/shared/ConceptualCaptions/XLM_data/50k/valid.de-en.de.pth ...
2: INFO - 04/21/20 18:55:04 - 0:02:12 - 50155 words (43583 unique) in 5000 sentences. 2 unknown words (2 unique) covering 0.00% of the data.
2: INFO - 04/21/20 18:55:04 - 0:02:12 - Loading data from /data/shared/ConceptualCaptions/XLM_data/50k/valid.de-en.en.pth ...
2: INFO - 04/21/20 18:55:05 - 0:02:13 - 51874 words (43583 unique) in 5000 sentences. 2079 unknown words (1276 unique) covering 4.01% of the data.
0: INFO - 04/21/20 18:55:05 - 0:02:13 - Removed 0 empty sentences.
3: INFO - 04/21/20 18:55:08 - 0:02:16 - Removed 0 empty sentences.
3: 
3: INFO - 04/21/20 18:55:08 - 0:02:16 - Loading data from /data/shared/ConceptualCaptions/XLM_data/50k/test.de-en.de.pth ...
3: INFO - 04/21/20 18:55:08 - 0:02:16 - 50096 words (43583 unique) in 5000 sentences. 2 unknown words (2 unique) covering 0.00% of the data.
3: INFO - 04/21/20 18:55:08 - 0:02:16 - Loading data from /data/shared/ConceptualCaptions/XLM_data/50k/test.de-en.en.pth ...
srun: Job step aborted: Waiting up to 32 seconds for job step to finish.
3: INFO - 04/21/20 18:55:09 - 0:02:17 - 51841 words (43583 unique) in 5000 sentences. 2012 unknown words (1221 unique) covering 3.88% of the data.
slurmstepd: error: *** JOB 3095 ON hanabi CANCELLED AT 2020-04-21T18:55:09 ***
0: slurmstepd: error: *** STEP 3095.0 ON hanabi CANCELLED AT 2020-04-21T18:55:09 ***
