0: 1 - Number of nodes: 1
0: 1 - Node ID        : 0
0: 1 - Local rank     : 1
0: 1 - Global rank    : 1
0: 1 - World size     : 2
0: 1 - GPUs per node  : 2
0: 1 - Master         : False
0: 1 - Multi-node     : False
0: 1 - Multi-GPU      : True
0: 1 - Hostname       : han
0: 0 - Number of nodes: 1
0: 0 - Node ID        : 0
0: 0 - Local rank     : 0
0: 0 - Global rank    : 0
0: 0 - World size     : 2
0: 0 - GPUs per node  : 2
0: 0 - Master         : True
0: 0 - Multi-node     : False
0: 0 - Multi-GPU      : True
0: 0 - Hostname       : han
2: 0 - Number of nodes: 1
2: 0 - Node ID        : 0
2: 0 - Local rank     : 0
2: 0 - Global rank    : 0
2: 1 - Number of nodes: 1
2: 0 - World size     : 2
2: 0 - GPUs per node  : 2
2: 1 - Node ID        : 0
2: 0 - Master         : True
2: 1 - Local rank     : 1
2: 0 - Multi-node     : False
2: 1 - Global rank    : 1
2: 0 - Multi-GPU      : True
2: 1 - World size     : 2
2: 1 - GPUs per node  : 2
2: 1 - Master         : False
2: 0 - Hostname       : han
2: 1 - Multi-node     : False
2: 1 - Multi-GPU      : True
3: 0 - Number of nodes: 1
3: 1 - Number of nodes: 1
3: 0 - Node ID        : 0
3: 1 - Node ID        : 0
3: 0 - Local rank     : 0
3: 1 - Local rank     : 1
3: 0 - Global rank    : 0
3: 1 - Global rank    : 1
3: 0 - World size     : 2
3: 1 - World size     : 2
3: 0 - GPUs per node  : 2
3: 1 - GPUs per node  : 2
3: 0 - Master         : True
3: 1 - Master         : False
3: 0 - Multi-node     : False
3: 1 - Multi-node     : False
1: 0 - Number of nodes: 1
1: 0 - Node ID        : 0
1: 0 - Local rank     : 0
1: 0 - Global rank    : 0
1: 0 - World size     : 2
1: 0 - GPUs per node  : 2
1: 0 - Master         : True
1: 0 - Multi-node     : False
1: 0 - Multi-GPU      : True
2: 1 - Hostname       : han
3: 0 - Multi-GPU      : True
3: 1 - Multi-GPU      : True
3: 1 - Hostname       : han
3: 0 - Hostname       : han
1: 0 - Hostname       : han
1: 1 - Number of nodes: 1
1: 1 - Node ID        : 0
1: 1 - Local rank     : 1
1: 1 - Global rank    : 1
1: 1 - World size     : 2
1: 1 - GPUs per node  : 2
1: 1 - Master         : False
1: 1 - Multi-node     : False
1: 1 - Multi-GPU      : True
1: 1 - Hostname       : han
0: *****************************************
0: Setting OMP_NUM_THREADS environment variable for each process to be 1 in default, to avoid your system being overloaded, please further tune the variable for optimal performance in your application as needed. 
0: *****************************************
1: *****************************************
1: Setting OMP_NUM_THREADS environment variable for each process to be 1 in default, to avoid your system being overloaded, please further tune the variable for optimal performance in your application as needed. 
1: *****************************************
2: *****************************************
2: Setting OMP_NUM_THREADS environment variable for each process to be 1 in default, to avoid your system being overloaded, please further tune the variable for optimal performance in your application as needed. 
2: *****************************************
3: *****************************************
3: Setting OMP_NUM_THREADS environment variable for each process to be 1 in default, to avoid your system being overloaded, please further tune the variable for optimal performance in your application as needed. 
3: *****************************************
